2024-12-20 18:23:33,246 - INFO - Démarrage de l'application
2024-12-20 18:23:33,246 - INFO - Chemin de l'application: /Users/liv/Documents/DEVs/DEVsPython/python-env/workspace/Audio2Text/src
2024-12-20 18:23:33,246 - INFO - Chemin du fichier de log: /Users/liv/Documents/DEVs/DEVsPython/python-env/workspace/Audio2Text/src/audio2text_debug.log
2024-12-20 18:23:33,537 - INFO - Création de la fenêtre principale
2024-12-20 18:23:33,537 - INFO - Initialisation de MainWindow
2024-12-20 18:23:33,538 - INFO - Initialisation du convertisseur audio
2024-12-20 18:23:33,538 - INFO - Initialisation du convertisseur audio
2024-12-20 18:23:33,538 - INFO - Création des widgets
2024-12-20 18:23:33,548 - INFO - Widgets créés avec succès
2024-12-20 18:23:33,548 - INFO - Affichage de la fenêtre
2024-12-20 18:23:33,639 - INFO - Démarrage de la boucle d'événements
2024-12-20 18:23:35,724 - INFO - Ouverture du sélecteur de fichier
2024-12-20 18:23:41,410 - INFO - Fichier sélectionné: /Users/liv/Documents/20240117_102638.mp3
2024-12-20 18:23:41,411 - INFO - Conversion du fichier audio: /Users/liv/Documents/20240117_102638.mp3
2024-12-20 18:23:41,411 - INFO - Conversion en WAV: ffmpeg -i /Users/liv/Documents/20240117_102638.mp3 -acodec pcm_s16le -ac 1 -ar 44100 -y /var/folders/ll/pv6hfz954zz74gtk_6c3mlj00000gn/T/tmpbv4djavi.wav
2024-12-20 18:23:42,042 - INFO - Lecture du fichier audio...
2024-12-20 18:23:42,063 - INFO - Fichier audio lu, début de la reconnaissance...
2024-12-20 18:23:45,003 - ERROR - Erreur avec Google Speech Recognition: recognition connection failed: [Errno 32] Broken pipe
2024-12-20 18:23:45,007 - INFO - Fichier WAV temporaire supprimé
2024-12-20 18:23:45,010 - INFO - Conversion réussie
2024-12-20 18:25:52,067 - INFO - Démarrage de l'application
2024-12-20 18:25:52,067 - INFO - Chemin de l'application: /Users/liv/Documents/DEVs/DEVsPython/python-env/workspace/Audio2Text/src
2024-12-20 18:25:52,067 - INFO - Chemin du fichier de log: /Users/liv/Documents/DEVs/DEVsPython/python-env/workspace/Audio2Text/src/audio2text_debug.log
2024-12-20 18:25:52,150 - INFO - Création de la fenêtre principale
2024-12-20 18:25:52,151 - INFO - Initialisation de MainWindow
2024-12-20 18:25:52,151 - INFO - Initialisation du convertisseur audio
2024-12-20 18:25:52,151 - INFO - Initialisation du convertisseur audio
2024-12-20 18:25:52,151 - INFO - Création des widgets
2024-12-20 18:25:52,158 - INFO - Widgets créés avec succès
2024-12-20 18:25:52,159 - INFO - Affichage de la fenêtre
2024-12-20 18:25:52,246 - INFO - Démarrage de la boucle d'événements
2024-12-20 18:25:53,962 - INFO - Ouverture du sélecteur de fichier
2024-12-20 18:26:04,642 - INFO - Fichier sélectionné: /Users/liv/Documents/20240117_102638.mp3
2024-12-20 18:26:04,642 - INFO - Conversion du fichier audio: /Users/liv/Documents/20240117_102638.mp3
2024-12-20 18:26:04,643 - INFO - Conversion en WAV: ffmpeg -i /Users/liv/Documents/20240117_102638.mp3 -acodec pcm_s16le -ac 1 -ar 44100 -y /var/folders/ll/pv6hfz954zz74gtk_6c3mlj00000gn/T/tmplguikivf.wav
2024-12-20 18:26:05,293 - INFO - Durée du fichier: 702.4 secondes
2024-12-20 18:26:05,305 - INFO - Segment créé: 0.0s - 45.0s
2024-12-20 18:26:05,306 - INFO - Segment créé: 45.0s - 90.0s
2024-12-20 18:26:05,307 - INFO - Segment créé: 90.0s - 135.0s
2024-12-20 18:26:05,308 - INFO - Segment créé: 135.0s - 180.0s
2024-12-20 18:26:05,309 - INFO - Segment créé: 180.0s - 225.0s
2024-12-20 18:26:05,309 - INFO - Segment créé: 225.0s - 270.0s
2024-12-20 18:26:05,310 - INFO - Segment créé: 270.0s - 315.0s
2024-12-20 18:26:05,311 - INFO - Segment créé: 315.0s - 360.0s
2024-12-20 18:26:05,312 - INFO - Segment créé: 360.0s - 405.0s
2024-12-20 18:26:05,312 - INFO - Segment créé: 405.0s - 450.0s
2024-12-20 18:26:05,313 - INFO - Segment créé: 450.0s - 495.0s
2024-12-20 18:26:05,314 - INFO - Segment créé: 495.0s - 540.0s
2024-12-20 18:26:05,315 - INFO - Segment créé: 540.0s - 585.0s
2024-12-20 18:26:05,315 - INFO - Segment créé: 585.0s - 630.0s
2024-12-20 18:26:05,316 - INFO - Segment créé: 630.0s - 675.0s
2024-12-20 18:26:05,317 - INFO - Segment créé: 675.0s - 720.0s
2024-12-20 18:26:05,318 - INFO - Traitement du segment 1/16...
2024-12-20 18:26:31,828 - INFO - Segment 1 supprimé
2024-12-20 18:26:31,829 - INFO - Traitement du segment 2/16...
2024-12-20 18:26:48,633 - INFO - Segment 2 supprimé
2024-12-20 18:26:48,633 - INFO - Traitement du segment 3/16...
2024-12-20 18:27:02,113 - INFO - Segment 3 supprimé
2024-12-20 18:27:02,114 - INFO - Traitement du segment 4/16...
2024-12-20 18:27:16,928 - INFO - Segment 4 supprimé
2024-12-20 18:27:16,929 - INFO - Traitement du segment 5/16...
2024-12-20 18:27:38,393 - INFO - Segment 5 supprimé
2024-12-20 18:27:38,393 - INFO - Traitement du segment 6/16...
2024-12-20 18:27:54,967 - INFO - Segment 6 supprimé
2024-12-20 18:27:54,967 - INFO - Traitement du segment 7/16...
2024-12-20 18:28:09,641 - INFO - Segment 7 supprimé
2024-12-20 18:28:09,641 - INFO - Traitement du segment 8/16...
2024-12-20 18:28:25,641 - INFO - Segment 8 supprimé
2024-12-20 18:28:25,642 - INFO - Traitement du segment 9/16...
2024-12-20 18:28:52,198 - INFO - Segment 9 supprimé
2024-12-20 18:28:52,199 - INFO - Traitement du segment 10/16...
2024-12-20 18:29:09,658 - INFO - Segment 10 supprimé
2024-12-20 18:29:09,658 - INFO - Traitement du segment 11/16...
2024-12-20 18:29:17,579 - INFO - Segment 11 supprimé
2024-12-20 18:29:17,579 - INFO - Traitement du segment 12/16...
2024-12-20 18:29:38,608 - INFO - Segment 12 supprimé
2024-12-20 18:29:38,608 - INFO - Traitement du segment 13/16...
2024-12-20 18:29:58,817 - INFO - Segment 13 supprimé
2024-12-20 18:29:58,817 - INFO - Traitement du segment 14/16...
2024-12-20 18:30:11,010 - INFO - Segment 14 supprimé
2024-12-20 18:30:11,010 - INFO - Traitement du segment 15/16...
2024-12-20 18:30:19,923 - INFO - Segment 15 supprimé
2024-12-20 18:30:19,923 - INFO - Traitement du segment 16/16...
2024-12-20 18:30:28,893 - INFO - Segment 16 supprimé
2024-12-20 18:30:28,893 - INFO - Conversion réussie
2024-12-20 18:30:28,894 - INFO - Fichier WAV temporaire supprimé
2024-12-20 18:30:28,894 - INFO - Conversion réussie
2024-12-20 18:34:29,965 - INFO - Démarrage de l'application
2024-12-20 18:34:29,965 - INFO - Chemin de l'application: /Users/liv/Documents/DEVs/DEVsPython/python-env/workspace/Audio2Text/src
2024-12-20 18:34:29,965 - INFO - Chemin du fichier de log: /Users/liv/Documents/DEVs/DEVsPython/python-env/workspace/Audio2Text/src/audio2text_debug.log
2024-12-20 18:34:30,108 - INFO - Création de la fenêtre principale
2024-12-20 18:34:30,108 - INFO - Initialisation de MainWindow
2024-12-20 18:34:30,109 - INFO - Initialisation du convertisseur audio
2024-12-20 18:34:30,109 - INFO - Initialisation du convertisseur audio
2024-12-20 18:34:30,109 - INFO - Création des widgets
2024-12-20 18:34:30,115 - INFO - Widgets créés avec succès
2024-12-20 18:34:30,115 - INFO - Affichage de la fenêtre
2024-12-20 18:34:30,202 - INFO - Démarrage de la boucle d'événements
2024-12-20 18:34:32,179 - INFO - Ouverture du sélecteur de fichier
2024-12-20 18:34:38,594 - INFO - Fichier sélectionné: /Users/liv/Documents/20240117_102638.mp3
2024-12-20 18:34:38,594 - INFO - Conversion du fichier audio: /Users/liv/Documents/20240117_102638.mp3
2024-12-20 18:34:38,595 - INFO - Conversion en WAV: ffmpeg -i /Users/liv/Documents/20240117_102638.mp3 -acodec pcm_s16le -ac 1 -ar 44100 -y /var/folders/ll/pv6hfz954zz74gtk_6c3mlj00000gn/T/tmpbt1hnb3m.wav
2024-12-20 18:34:39,236 - INFO - Durée du fichier: 702.4 secondes
2024-12-20 18:34:39,247 - INFO - Segment créé: 0.0s - 45.0s
2024-12-20 18:34:39,248 - INFO - Segment créé: 45.0s - 90.0s
2024-12-20 18:34:39,248 - INFO - Segment créé: 90.0s - 135.0s
2024-12-20 18:34:39,249 - INFO - Segment créé: 135.0s - 180.0s
2024-12-20 18:34:39,250 - INFO - Segment créé: 180.0s - 225.0s
2024-12-20 18:34:39,250 - INFO - Segment créé: 225.0s - 270.0s
2024-12-20 18:34:39,251 - INFO - Segment créé: 270.0s - 315.0s
2024-12-20 18:34:39,252 - INFO - Segment créé: 315.0s - 360.0s
2024-12-20 18:34:39,252 - INFO - Segment créé: 360.0s - 405.0s
2024-12-20 18:34:39,253 - INFO - Segment créé: 405.0s - 450.0s
2024-12-20 18:34:39,253 - INFO - Segment créé: 450.0s - 495.0s
2024-12-20 18:34:39,254 - INFO - Segment créé: 495.0s - 540.0s
2024-12-20 18:34:39,255 - INFO - Segment créé: 540.0s - 585.0s
2024-12-20 18:34:39,255 - INFO - Segment créé: 585.0s - 630.0s
2024-12-20 18:34:39,256 - INFO - Segment créé: 630.0s - 675.0s
2024-12-20 18:34:39,257 - INFO - Segment créé: 675.0s - 720.0s
2024-12-20 18:34:39,258 - INFO - Traitement du segment 1/16...
2024-12-20 18:35:00,234 - INFO - Segment 1 supprimé
2024-12-20 18:35:00,234 - INFO - Traitement du segment 2/16...
2024-12-20 18:35:14,313 - INFO - Segment 2 supprimé
2024-12-20 18:35:14,314 - INFO - Traitement du segment 3/16...
2024-12-20 18:35:28,431 - INFO - Segment 3 supprimé
2024-12-20 18:35:28,432 - INFO - Traitement du segment 4/16...
2024-12-20 18:35:47,251 - INFO - Segment 4 supprimé
2024-12-20 18:35:47,251 - INFO - Traitement du segment 5/16...
2024-12-20 18:36:10,919 - INFO - Segment 5 supprimé
2024-12-20 18:36:10,919 - INFO - Traitement du segment 6/16...
2024-12-20 18:36:28,445 - INFO - Segment 6 supprimé
2024-12-20 18:36:28,445 - INFO - Traitement du segment 7/16...
2024-12-20 18:36:44,927 - INFO - Segment 7 supprimé
2024-12-20 18:36:44,927 - INFO - Traitement du segment 8/16...
2024-12-20 18:36:59,279 - INFO - Segment 8 supprimé
2024-12-20 18:36:59,279 - INFO - Traitement du segment 9/16...
2024-12-20 18:37:16,152 - INFO - Segment 9 supprimé
2024-12-20 18:37:16,152 - INFO - Traitement du segment 10/16...
2024-12-20 18:37:31,287 - INFO - Segment 10 supprimé
2024-12-20 18:37:31,287 - INFO - Traitement du segment 11/16...
2024-12-20 18:37:41,459 - INFO - Segment 11 supprimé
2024-12-20 18:37:41,460 - INFO - Traitement du segment 12/16...
2024-12-20 18:37:55,842 - INFO - Segment 12 supprimé
2024-12-20 18:37:55,842 - INFO - Traitement du segment 13/16...
2024-12-20 18:38:13,283 - INFO - Segment 13 supprimé
2024-12-20 18:38:13,283 - INFO - Traitement du segment 14/16...
2024-12-20 18:38:26,224 - INFO - Segment 14 supprimé
2024-12-20 18:38:26,225 - INFO - Traitement du segment 15/16...
2024-12-20 18:38:31,237 - INFO - Segment 15 supprimé
2024-12-20 18:38:31,237 - INFO - Traitement du segment 16/16...
2024-12-20 18:38:39,373 - INFO - Segment 16 supprimé
2024-12-20 18:38:39,373 - INFO - Conversion réussie
2024-12-20 18:38:39,390 - INFO - Transcription sauvegardée dans /Users/liv/Documents/20240117_102638_transcription.docx
2024-12-20 18:38:39,392 - INFO - Fichier WAV temporaire supprimé
2024-12-20 18:38:39,392 - INFO - Conversion réussie
2024-12-20 18:51:59,761 - INFO - Démarrage de l'application
2024-12-20 18:51:59,761 - INFO - Chemin de l'application: /Users/liv/Documents/DEVs/DEVsPython/python-env/workspace/Audio2Text/src
2024-12-20 18:51:59,761 - INFO - Chemin du fichier de log: /Users/liv/Documents/DEVs/DEVsPython/python-env/workspace/Audio2Text/src/audio2text_debug.log
2024-12-20 18:51:59,841 - INFO - Création de la fenêtre principale
2024-12-20 18:51:59,842 - INFO - Initialisation de MainWindow
2024-12-20 18:51:59,842 - INFO - Initialisation du convertisseur audio
2024-12-20 18:51:59,842 - ERROR - Erreur dans l'initialisation de MainWindow: AudioConverter cannot be converted to PyQt6.QtCore.QObject
Traceback (most recent call last):
  File "/Users/liv/Documents/DEVs/DEVsPython/python-env/workspace/Audio2Text/src/main_window.py", line 55, in __init__
    self.converter.progress_updated.connect(self.update_progress)
    ^^^^^^^^^^^^^^^^^^^^^^^^^^^^^^^
TypeError: AudioConverter cannot be converted to PyQt6.QtCore.QObject
2024-12-20 18:51:59,842 - ERROR - Erreur fatale dans main():
2024-12-20 18:51:59,843 - ERROR - Traceback (most recent call last):
  File "/Users/liv/Documents/DEVs/DEVsPython/python-env/workspace/Audio2Text/src/main.py", line 44, in main
    window = MainWindow()
  File "/Users/liv/Documents/DEVs/DEVsPython/python-env/workspace/Audio2Text/src/main_window.py", line 55, in __init__
    self.converter.progress_updated.connect(self.update_progress)
    ^^^^^^^^^^^^^^^^^^^^^^^^^^^^^^^
TypeError: AudioConverter cannot be converted to PyQt6.QtCore.QObject

2024-12-20 18:51:59,843 - ERROR - Erreur non gérée:
2024-12-20 18:51:59,843 - ERROR - Traceback (most recent call last):
  File "/Users/liv/Documents/DEVs/DEVsPython/python-env/workspace/Audio2Text/src/main.py", line 58, in <module>
    sys.exit(main())
             ~~~~^^
  File "/Users/liv/Documents/DEVs/DEVsPython/python-env/workspace/Audio2Text/src/main.py", line 44, in main
    window = MainWindow()
  File "/Users/liv/Documents/DEVs/DEVsPython/python-env/workspace/Audio2Text/src/main_window.py", line 55, in __init__
    self.converter.progress_updated.connect(self.update_progress)
    ^^^^^^^^^^^^^^^^^^^^^^^^^^^^^^^
TypeError: AudioConverter cannot be converted to PyQt6.QtCore.QObject

2024-12-20 18:53:11,366 - INFO - Démarrage de l'application
2024-12-20 18:53:11,366 - INFO - Chemin de l'application: /Users/liv/Documents/DEVs/DEVsPython/python-env/workspace/Audio2Text/src
2024-12-20 18:53:11,366 - INFO - Chemin du fichier de log: /Users/liv/Documents/DEVs/DEVsPython/python-env/workspace/Audio2Text/src/audio2text_debug.log
2024-12-20 18:53:11,445 - INFO - Création de la fenêtre principale
2024-12-20 18:53:11,446 - INFO - Initialisation de MainWindow
2024-12-20 18:53:11,446 - INFO - Initialisation du convertisseur audio
2024-12-20 18:53:11,446 - ERROR - Erreur dans l'initialisation de MainWindow: AudioConverter cannot be converted to PyQt6.QtCore.QObject
Traceback (most recent call last):
  File "/Users/liv/Documents/DEVs/DEVsPython/python-env/workspace/Audio2Text/src/main_window.py", line 55, in __init__
    self.converter.progress_updated.connect(self.update_progress)
    ^^^^^^^^^^^^^^^^^^^^^^^^^^^^^^^
TypeError: AudioConverter cannot be converted to PyQt6.QtCore.QObject
2024-12-20 18:53:11,447 - ERROR - Erreur fatale dans main():
2024-12-20 18:53:11,447 - ERROR - Traceback (most recent call last):
  File "/Users/liv/Documents/DEVs/DEVsPython/python-env/workspace/Audio2Text/src/main.py", line 44, in main
    window = MainWindow()
  File "/Users/liv/Documents/DEVs/DEVsPython/python-env/workspace/Audio2Text/src/main_window.py", line 55, in __init__
    self.converter.progress_updated.connect(self.update_progress)
    ^^^^^^^^^^^^^^^^^^^^^^^^^^^^^^^
TypeError: AudioConverter cannot be converted to PyQt6.QtCore.QObject

2024-12-20 18:53:11,447 - ERROR - Erreur non gérée:
2024-12-20 18:53:11,447 - ERROR - Traceback (most recent call last):
  File "/Users/liv/Documents/DEVs/DEVsPython/python-env/workspace/Audio2Text/src/main.py", line 58, in <module>
    sys.exit(main())
             ~~~~^^
  File "/Users/liv/Documents/DEVs/DEVsPython/python-env/workspace/Audio2Text/src/main.py", line 44, in main
    window = MainWindow()
  File "/Users/liv/Documents/DEVs/DEVsPython/python-env/workspace/Audio2Text/src/main_window.py", line 55, in __init__
    self.converter.progress_updated.connect(self.update_progress)
    ^^^^^^^^^^^^^^^^^^^^^^^^^^^^^^^
TypeError: AudioConverter cannot be converted to PyQt6.QtCore.QObject

2024-12-20 18:53:59,795 - INFO - Démarrage de l'application
2024-12-20 18:53:59,795 - INFO - Chemin de l'application: /Users/liv/Documents/DEVs/DEVsPython/python-env/workspace/Audio2Text/src
2024-12-20 18:53:59,795 - INFO - Chemin du fichier de log: /Users/liv/Documents/DEVs/DEVsPython/python-env/workspace/Audio2Text/src/audio2text_debug.log
2024-12-20 18:53:59,872 - INFO - Création de la fenêtre principale
2024-12-20 18:53:59,872 - INFO - Initialisation de MainWindow
2024-12-20 18:53:59,873 - INFO - Initialisation du convertisseur audio
2024-12-20 18:53:59,873 - ERROR - Erreur dans l'initialisation de MainWindow: AudioConverter cannot be converted to PyQt6.QtCore.QObject
Traceback (most recent call last):
  File "/Users/liv/Documents/DEVs/DEVsPython/python-env/workspace/Audio2Text/src/main_window.py", line 55, in __init__
    self.converter.progress_updated.connect(self.update_progress)
    ^^^^^^^^^^^^^^^^^^^^^^^^^^^^^^^
TypeError: AudioConverter cannot be converted to PyQt6.QtCore.QObject
2024-12-20 18:53:59,873 - ERROR - Erreur fatale dans main():
2024-12-20 18:53:59,873 - ERROR - Traceback (most recent call last):
  File "/Users/liv/Documents/DEVs/DEVsPython/python-env/workspace/Audio2Text/src/main.py", line 44, in main
    window = MainWindow()
  File "/Users/liv/Documents/DEVs/DEVsPython/python-env/workspace/Audio2Text/src/main_window.py", line 55, in __init__
    self.converter.progress_updated.connect(self.update_progress)
    ^^^^^^^^^^^^^^^^^^^^^^^^^^^^^^^
TypeError: AudioConverter cannot be converted to PyQt6.QtCore.QObject

2024-12-20 18:53:59,873 - ERROR - Erreur non gérée:
2024-12-20 18:53:59,874 - ERROR - Traceback (most recent call last):
  File "/Users/liv/Documents/DEVs/DEVsPython/python-env/workspace/Audio2Text/src/main.py", line 58, in <module>
    sys.exit(main())
             ~~~~^^
  File "/Users/liv/Documents/DEVs/DEVsPython/python-env/workspace/Audio2Text/src/main.py", line 44, in main
    window = MainWindow()
  File "/Users/liv/Documents/DEVs/DEVsPython/python-env/workspace/Audio2Text/src/main_window.py", line 55, in __init__
    self.converter.progress_updated.connect(self.update_progress)
    ^^^^^^^^^^^^^^^^^^^^^^^^^^^^^^^
TypeError: AudioConverter cannot be converted to PyQt6.QtCore.QObject

2024-12-20 18:54:37,139 - INFO - Démarrage de l'application
2024-12-20 18:54:37,139 - INFO - Chemin de l'application: /Users/liv/Documents/DEVs/DEVsPython/python-env/workspace/Audio2Text/src
2024-12-20 18:54:37,139 - INFO - Chemin du fichier de log: /Users/liv/Documents/DEVs/DEVsPython/python-env/workspace/Audio2Text/src/audio2text_debug.log
2024-12-20 18:54:37,214 - INFO - Création de la fenêtre principale
2024-12-20 18:54:37,215 - INFO - Initialisation de MainWindow
2024-12-20 18:54:37,215 - INFO - Initialisation du convertisseur audio
2024-12-20 18:54:37,215 - INFO - Initialisation du convertisseur audio avec 13 workers
2024-12-20 18:54:37,215 - INFO - Création des widgets
2024-12-20 18:54:37,283 - INFO - Widgets créés avec succès
2024-12-20 18:54:37,283 - INFO - Affichage de la fenêtre
2024-12-20 18:54:37,308 - INFO - Démarrage de la boucle d'événements
2024-12-20 18:54:40,520 - INFO - Ouverture du sélecteur de fichier
2024-12-20 18:54:47,401 - INFO - Fichier sélectionné: /Users/liv/Documents/20240117_102638.mp3
2024-12-20 18:54:47,403 - INFO - Conversion du fichier audio: /Users/liv/Documents/20240117_102638.mp3
2024-12-20 18:54:47,404 - INFO - Conversion en WAV: ffmpeg -i /Users/liv/Documents/20240117_102638.mp3 -acodec pcm_s16le -ac 1 -ar 44100 -y /var/folders/ll/pv6hfz954zz74gtk_6c3mlj00000gn/T/tmp7nhu5s9c.wav
2024-12-20 18:54:48,041 - INFO - Durée du fichier: 702.4 secondes
2024-12-20 18:54:48,052 - INFO - Segment créé: 0.0s - 45.0s
2024-12-20 18:54:48,053 - INFO - Segment créé: 45.0s - 90.0s
2024-12-20 18:54:48,054 - INFO - Segment créé: 90.0s - 135.0s
2024-12-20 18:54:48,055 - INFO - Segment créé: 135.0s - 180.0s
2024-12-20 18:54:48,056 - INFO - Segment créé: 180.0s - 225.0s
2024-12-20 18:54:48,057 - INFO - Segment créé: 225.0s - 270.0s
2024-12-20 18:54:48,058 - INFO - Segment créé: 270.0s - 315.0s
2024-12-20 18:54:48,059 - INFO - Segment créé: 315.0s - 360.0s
2024-12-20 18:54:48,060 - INFO - Segment créé: 360.0s - 405.0s
2024-12-20 18:54:48,061 - INFO - Segment créé: 405.0s - 450.0s
2024-12-20 18:54:48,062 - INFO - Segment créé: 450.0s - 495.0s
2024-12-20 18:54:48,062 - INFO - Segment créé: 495.0s - 540.0s
2024-12-20 18:54:48,063 - INFO - Segment créé: 540.0s - 585.0s
2024-12-20 18:54:48,064 - INFO - Segment créé: 585.0s - 630.0s
2024-12-20 18:54:48,065 - INFO - Segment créé: 630.0s - 675.0s
2024-12-20 18:54:48,065 - INFO - Segment créé: 675.0s - 720.0s
2024-12-20 18:55:00,832 - INFO - Segment 11 supprimé
2024-12-20 18:55:01,335 - INFO - Segment 12 supprimé
2024-12-20 18:55:03,517 - INFO - Segment 10 supprimé
2024-12-20 18:55:04,058 - INFO - Segment 7 supprimé
2024-12-20 18:55:04,349 - INFO - Segment 6 supprimé
2024-12-20 18:55:05,174 - INFO - Segment 8 supprimé
2024-12-20 18:55:05,769 - INFO - Segment 13 supprimé
2024-12-20 18:55:08,615 - INFO - Segment 3 supprimé
2024-12-20 18:55:08,670 - INFO - Segment 9 supprimé
2024-12-20 18:55:08,697 - INFO - Segment 1 supprimé
2024-12-20 18:55:08,809 - INFO - Segment 4 supprimé
2024-12-20 18:55:09,430 - INFO - Segment 15 supprimé
2024-12-20 18:55:12,002 - INFO - Segment 14 supprimé
2024-12-20 18:55:12,003 - INFO - Segment 16 supprimé
2024-12-20 18:55:13,571 - INFO - Segment 2 supprimé
2024-12-20 18:55:13,644 - INFO - Segment 5 supprimé
2024-12-20 18:55:13,691 - INFO - Conversion réussie
2024-12-20 18:55:13,703 - INFO - Transcription sauvegardée dans /Users/liv/Documents/20240117_102638_transcription.docx
2024-12-20 18:55:13,704 - INFO - Fichier WAV temporaire supprimé
2024-12-20 18:56:39,544 - INFO - Démarrage de l'application
2024-12-20 18:56:39,544 - INFO - Chemin de l'application: /Users/liv/Documents/DEVs/DEVsPython/python-env/workspace/Audio2Text/src
2024-12-20 18:56:39,544 - INFO - Chemin du fichier de log: /Users/liv/Documents/DEVs/DEVsPython/python-env/workspace/Audio2Text/src/audio2text_debug.log
2024-12-20 18:56:39,623 - INFO - Création de la fenêtre principale
2024-12-20 18:56:39,623 - INFO - Initialisation de MainWindow
2024-12-20 18:56:39,624 - INFO - Création des widgets
2024-12-20 18:56:39,690 - INFO - Widgets créés avec succès
2024-12-20 18:56:39,690 - INFO - Affichage de la fenêtre
2024-12-20 18:56:39,716 - INFO - Démarrage de la boucle d'événements
2024-12-20 18:57:00,108 - INFO - Ouverture du sélecteur de fichier
2024-12-20 18:57:07,637 - INFO - Fichier sélectionné: /Users/liv/Documents/20240117_102638.mp3
2024-12-20 18:57:07,638 - INFO - Initialisation du convertisseur audio avec 13 workers
2024-12-20 18:57:07,638 - INFO - Conversion du fichier audio: /Users/liv/Documents/20240117_102638.mp3
2024-12-20 18:57:07,639 - INFO - Conversion en WAV: ffmpeg -i /Users/liv/Documents/20240117_102638.mp3 -acodec pcm_s16le -ac 1 -ar 44100 -y /var/folders/ll/pv6hfz954zz74gtk_6c3mlj00000gn/T/tmpv03b6wed.wav
2024-12-20 18:57:08,273 - INFO - Durée du fichier: 702.4 secondes
2024-12-20 18:57:08,285 - INFO - Segment créé: 0.0s - 45.0s
2024-12-20 18:57:08,286 - INFO - Segment créé: 45.0s - 90.0s
2024-12-20 18:57:08,286 - INFO - Segment créé: 90.0s - 135.0s
2024-12-20 18:57:08,287 - INFO - Segment créé: 135.0s - 180.0s
2024-12-20 18:57:08,288 - INFO - Segment créé: 180.0s - 225.0s
2024-12-20 18:57:08,288 - INFO - Segment créé: 225.0s - 270.0s
2024-12-20 18:57:08,289 - INFO - Segment créé: 270.0s - 315.0s
2024-12-20 18:57:08,289 - INFO - Segment créé: 315.0s - 360.0s
2024-12-20 18:57:08,290 - INFO - Segment créé: 360.0s - 405.0s
2024-12-20 18:57:08,291 - INFO - Segment créé: 405.0s - 450.0s
2024-12-20 18:57:08,291 - INFO - Segment créé: 450.0s - 495.0s
2024-12-20 18:57:08,292 - INFO - Segment créé: 495.0s - 540.0s
2024-12-20 18:57:08,293 - INFO - Segment créé: 540.0s - 585.0s
2024-12-20 18:57:08,293 - INFO - Segment créé: 585.0s - 630.0s
2024-12-20 18:57:08,294 - INFO - Segment créé: 630.0s - 675.0s
2024-12-20 18:57:08,294 - INFO - Segment créé: 675.0s - 720.0s
2024-12-20 18:57:21,598 - INFO - Segment 12 supprimé
2024-12-20 18:57:24,093 - INFO - Segment 2 supprimé
2024-12-20 18:57:24,178 - INFO - Segment 8 supprimé
2024-12-20 18:57:24,236 - INFO - Segment 11 supprimé
2024-12-20 18:57:24,771 - INFO - Segment 3 supprimé
2024-12-20 18:57:24,985 - INFO - Segment 1 supprimé
2024-12-20 18:57:25,423 - INFO - Segment 5 supprimé
2024-12-20 18:57:26,038 - INFO - Segment 4 supprimé
2024-12-20 18:57:26,318 - INFO - Segment 6 supprimé
2024-12-20 18:57:27,052 - INFO - Segment 7 supprimé
2024-12-20 18:57:29,457 - INFO - Segment 13 supprimé
2024-12-20 18:57:29,594 - INFO - Segment 9 supprimé
2024-12-20 18:57:29,656 - INFO - Segment 10 supprimé
2024-12-20 18:57:30,629 - INFO - Segment 15 supprimé
2024-12-20 18:57:31,044 - INFO - Segment 16 supprimé
2024-12-20 18:57:39,268 - INFO - Segment 14 supprimé
2024-12-20 18:57:39,310 - INFO - Conversion réussie
2024-12-20 18:57:39,322 - INFO - Transcription sauvegardée dans /Users/liv/Documents/20240117_102638_transcription.docx
2024-12-20 18:57:39,323 - INFO - Fichier WAV temporaire supprimé
2024-12-20 19:01:33,121 - INFO - Démarrage de l'application
2024-12-20 19:01:33,121 - INFO - Chemin de l'application: /Users/liv/Documents/DEVs/DEVsPython/python-env/workspace/Audio2Text/src
2024-12-20 19:01:33,121 - INFO - Chemin du fichier de log: /Users/liv/Documents/DEVs/DEVsPython/python-env/workspace/Audio2Text/src/audio2text_debug.log
2024-12-20 19:01:33,193 - INFO - Création de la fenêtre principale
2024-12-20 19:01:33,193 - INFO - Initialisation de MainWindow
2024-12-20 19:01:33,193 - INFO - Création des widgets
2024-12-20 19:01:33,261 - INFO - Widgets créés avec succès
2024-12-20 19:01:33,261 - INFO - Affichage de la fenêtre
2024-12-20 19:01:33,319 - INFO - Démarrage de la boucle d'événements
2024-12-20 19:01:40,443 - INFO - Ouverture du sélecteur de fichier
2024-12-20 19:01:56,615 - INFO - Ouverture du sélecteur de fichier
2024-12-20 19:02:30,109 - INFO - Ouverture du sélecteur de fichier
2024-12-20 19:02:35,758 - INFO - Fichier sélectionné: /Users/liv/Documents/20240117_102638.mp3
2024-12-20 19:02:35,759 - INFO - Langue sélectionnée: fr-FR
2024-12-20 19:02:35,759 - INFO - Initialisation du convertisseur audio avec 13 workers
2024-12-20 19:02:35,759 - INFO - Conversion du fichier audio: /Users/liv/Documents/20240117_102638.mp3
2024-12-20 19:02:35,760 - INFO - Conversion en WAV: ffmpeg -i /Users/liv/Documents/20240117_102638.mp3 -acodec pcm_s16le -ac 1 -ar 44100 -y /var/folders/ll/pv6hfz954zz74gtk_6c3mlj00000gn/T/tmpvs3j524j.wav
2024-12-20 19:02:36,401 - INFO - Durée du fichier: 702.4 secondes
2024-12-20 19:02:36,412 - INFO - Segment créé: 0.0s - 45.0s
2024-12-20 19:02:36,413 - INFO - Segment créé: 45.0s - 90.0s
2024-12-20 19:02:36,414 - INFO - Segment créé: 90.0s - 135.0s
2024-12-20 19:02:36,414 - INFO - Segment créé: 135.0s - 180.0s
2024-12-20 19:02:36,415 - INFO - Segment créé: 180.0s - 225.0s
2024-12-20 19:02:36,416 - INFO - Segment créé: 225.0s - 270.0s
2024-12-20 19:02:36,417 - INFO - Segment créé: 270.0s - 315.0s
2024-12-20 19:02:36,418 - INFO - Segment créé: 315.0s - 360.0s
2024-12-20 19:02:36,418 - INFO - Segment créé: 360.0s - 405.0s
2024-12-20 19:02:36,419 - INFO - Segment créé: 405.0s - 450.0s
2024-12-20 19:02:36,420 - INFO - Segment créé: 450.0s - 495.0s
2024-12-20 19:02:36,421 - INFO - Segment créé: 495.0s - 540.0s
2024-12-20 19:02:36,421 - INFO - Segment créé: 540.0s - 585.0s
2024-12-20 19:02:36,422 - INFO - Segment créé: 585.0s - 630.0s
2024-12-20 19:02:36,423 - INFO - Segment créé: 630.0s - 675.0s
2024-12-20 19:02:36,424 - INFO - Segment créé: 675.0s - 720.0s
2024-12-20 19:02:51,570 - INFO - Segment 7 supprimé
2024-12-20 19:02:51,763 - INFO - Segment 5 supprimé
2024-12-20 19:02:51,879 - INFO - Segment 3 supprimé
2024-12-20 19:02:52,183 - INFO - Segment 6 supprimé
2024-12-20 19:02:52,424 - INFO - Segment 11 supprimé
2024-12-20 19:02:52,609 - INFO - Segment 10 supprimé
2024-12-20 19:02:53,093 - INFO - Segment 4 supprimé
2024-12-20 19:02:53,106 - INFO - Segment 8 supprimé
2024-12-20 19:02:54,169 - INFO - Segment 13 supprimé
2024-12-20 19:02:54,181 - INFO - Segment 1 supprimé
2024-12-20 19:02:54,588 - INFO - Segment 12 supprimé
2024-12-20 19:02:56,370 - INFO - Segment 15 supprimé
2024-12-20 19:02:57,378 - INFO - Segment 9 supprimé
2024-12-20 19:02:57,932 - INFO - Segment 2 supprimé
2024-12-20 19:03:00,383 - INFO - Segment 16 supprimé
2024-12-20 19:03:06,269 - INFO - Segment 14 supprimé
2024-12-20 19:03:06,312 - INFO - Conversion réussie
2024-12-20 19:03:06,325 - INFO - Transcription sauvegardée dans /Users/liv/Documents/20240117_102638_transcription.docx
2024-12-20 19:03:06,325 - INFO - Fichier WAV temporaire supprimé
2024-12-20 19:03:27,813 - INFO - Ouverture du sélecteur de fichier
2024-12-20 19:03:32,023 - INFO - Fichier sélectionné: /Users/liv/Documents/20240117_102638.mp3
2024-12-20 19:03:32,024 - INFO - Langue sélectionnée: fr-FR
2024-12-20 19:03:32,024 - INFO - Initialisation du convertisseur audio avec 13 workers
2024-12-20 19:03:32,024 - INFO - Conversion du fichier audio: /Users/liv/Documents/20240117_102638.mp3
2024-12-20 19:03:32,024 - INFO - Conversion en WAV: ffmpeg -i /Users/liv/Documents/20240117_102638.mp3 -acodec pcm_s16le -ac 1 -ar 44100 -y /var/folders/ll/pv6hfz954zz74gtk_6c3mlj00000gn/T/tmp87squh7h.wav
2024-12-20 19:03:32,662 - INFO - Durée du fichier: 702.4 secondes
2024-12-20 19:03:32,687 - INFO - Segment créé: 0.0s - 45.0s
2024-12-20 19:03:32,688 - INFO - Segment créé: 45.0s - 90.0s
2024-12-20 19:03:32,689 - INFO - Segment créé: 90.0s - 135.0s
2024-12-20 19:03:32,690 - INFO - Segment créé: 135.0s - 180.0s
2024-12-20 19:03:32,691 - INFO - Segment créé: 180.0s - 225.0s
2024-12-20 19:03:32,692 - INFO - Segment créé: 225.0s - 270.0s
2024-12-20 19:03:32,694 - INFO - Segment créé: 270.0s - 315.0s
2024-12-20 19:03:32,695 - INFO - Segment créé: 315.0s - 360.0s
2024-12-20 19:03:32,696 - INFO - Segment créé: 360.0s - 405.0s
2024-12-20 19:03:32,697 - INFO - Segment créé: 405.0s - 450.0s
2024-12-20 19:03:32,699 - INFO - Segment créé: 450.0s - 495.0s
2024-12-20 19:03:32,700 - INFO - Segment créé: 495.0s - 540.0s
2024-12-20 19:03:32,701 - INFO - Segment créé: 540.0s - 585.0s
2024-12-20 19:03:32,702 - INFO - Segment créé: 585.0s - 630.0s
2024-12-20 19:03:32,703 - INFO - Segment créé: 630.0s - 675.0s
2024-12-20 19:03:32,704 - INFO - Segment créé: 675.0s - 720.0s
2024-12-20 19:03:42,938 - INFO - Segment 11 supprimé
2024-12-20 19:03:46,752 - INFO - Segment 3 supprimé
2024-12-20 19:03:47,916 - INFO - Segment 4 supprimé
2024-12-20 19:03:48,331 - INFO - Segment 10 supprimé
2024-12-20 19:03:49,677 - INFO - Segment 5 supprimé
2024-12-20 19:03:50,622 - INFO - Segment 12 supprimé
2024-12-20 19:03:51,695 - INFO - Segment 7 supprimé
2024-12-20 19:03:51,820 - INFO - Segment 6 supprimé
2024-12-20 19:03:51,841 - INFO - Segment 15 supprimé
2024-12-20 19:03:52,036 - INFO - Segment 8 supprimé
2024-12-20 19:03:53,440 - INFO - Segment 13 supprimé
2024-12-20 19:03:53,816 - INFO - Segment 2 supprimé
2024-12-20 19:03:55,948 - INFO - Segment 16 supprimé
2024-12-20 19:03:56,041 - INFO - Segment 9 supprimé
2024-12-20 19:03:57,248 - INFO - Segment 1 supprimé
2024-12-20 19:03:58,295 - INFO - Segment 14 supprimé
2024-12-20 19:03:58,343 - INFO - Conversion réussie
2024-12-20 19:03:58,356 - INFO - Transcription sauvegardée dans /Users/liv/Documents/20240117_102638_transcription.docx
2024-12-20 19:03:58,357 - INFO - Fichier WAV temporaire supprimé
2024-12-20 19:11:20,183 - INFO - Démarrage de l'application
2024-12-20 19:11:20,183 - INFO - Chemin de l'application: /Users/liv/Documents/DEVs/DEVsPython/python-env/workspace/Audio2Text/src
2024-12-20 19:11:20,183 - INFO - Chemin du fichier de log: /Users/liv/Documents/DEVs/DEVsPython/python-env/workspace/Audio2Text/src/audio2text_debug.log
2024-12-20 19:11:20,263 - INFO - Création de la fenêtre principale
2024-12-20 19:11:20,264 - INFO - Initialisation de MainWindow
2024-12-20 19:11:20,264 - INFO - Création des widgets
2024-12-20 19:11:20,332 - INFO - Widgets créés avec succès
2024-12-20 19:11:20,332 - INFO - Affichage de la fenêtre
2024-12-20 19:11:20,389 - INFO - Démarrage de la boucle d'événements
2024-12-20 19:11:31,908 - INFO - Ouverture du sélecteur de fichier
2024-12-20 19:11:40,180 - INFO - Fichier sélectionné: /Users/liv/Documents/20240117_102638.mp3
2024-12-20 19:11:40,181 - INFO - Langue sélectionnée: fr-FR
2024-12-20 19:11:40,182 - INFO - Initialisation du convertisseur audio avec 13 workers
2024-12-20 19:11:40,182 - INFO - Conversion du fichier audio: /Users/liv/Documents/20240117_102638.mp3
2024-12-20 19:11:40,183 - INFO - Conversion en WAV: ffmpeg -i /Users/liv/Documents/20240117_102638.mp3 -acodec pcm_s16le -ac 1 -ar 44100 -y /var/folders/ll/pv6hfz954zz74gtk_6c3mlj00000gn/T/tmpyx1ywm2t.wav
2024-12-20 19:11:40,820 - INFO - Durée du fichier: 702.4 secondes
2024-12-20 19:11:40,831 - INFO - Segment créé: 0.0s - 45.0s
2024-12-20 19:11:40,832 - INFO - Segment créé: 45.0s - 90.0s
2024-12-20 19:11:40,833 - INFO - Segment créé: 90.0s - 135.0s
2024-12-20 19:11:40,833 - INFO - Segment créé: 135.0s - 180.0s
2024-12-20 19:11:40,834 - INFO - Segment créé: 180.0s - 225.0s
2024-12-20 19:11:40,835 - INFO - Segment créé: 225.0s - 270.0s
2024-12-20 19:11:40,835 - INFO - Segment créé: 270.0s - 315.0s
2024-12-20 19:11:40,836 - INFO - Segment créé: 315.0s - 360.0s
2024-12-20 19:11:40,837 - INFO - Segment créé: 360.0s - 405.0s
2024-12-20 19:11:40,837 - INFO - Segment créé: 405.0s - 450.0s
2024-12-20 19:11:40,838 - INFO - Segment créé: 450.0s - 495.0s
2024-12-20 19:11:40,839 - INFO - Segment créé: 495.0s - 540.0s
2024-12-20 19:11:40,840 - INFO - Segment créé: 540.0s - 585.0s
2024-12-20 19:11:40,840 - INFO - Segment créé: 585.0s - 630.0s
2024-12-20 19:11:40,841 - INFO - Segment créé: 630.0s - 675.0s
2024-12-20 19:11:40,841 - INFO - Segment créé: 675.0s - 720.0s
2024-12-20 19:11:50,915 - INFO - Segment 11 supprimé
2024-12-20 19:11:54,220 - INFO - Segment 12 supprimé
2024-12-20 19:11:54,738 - INFO - Segment 3 supprimé
2024-12-20 19:11:55,400 - INFO - Segment 8 supprimé
2024-12-20 19:11:57,486 - INFO - Segment 7 supprimé
2024-12-20 19:11:58,471 - INFO - Segment 1 supprimé
2024-12-20 19:11:59,061 - INFO - Segment 2 supprimé
2024-12-20 19:12:00,381 - INFO - Segment 10 supprimé
2024-12-20 19:12:00,602 - INFO - Segment 15 supprimé
2024-12-20 19:12:01,237 - INFO - Segment 9 supprimé
2024-12-20 19:12:01,679 - INFO - Segment 5 supprimé
2024-12-20 19:12:01,812 - INFO - Segment 4 supprimé
2024-12-20 19:12:02,183 - INFO - Segment 6 supprimé
2024-12-20 19:12:03,381 - INFO - Segment 13 supprimé
2024-12-20 19:12:04,875 - INFO - Segment 16 supprimé
2024-12-20 19:12:05,022 - INFO - Segment 14 supprimé
2024-12-20 19:12:05,065 - INFO - Conversion réussie
2024-12-20 19:12:05,076 - INFO - Transcription sauvegardée dans /Users/liv/Documents/20240117_102638_transcription.docx
2024-12-20 19:12:05,077 - INFO - Fichier WAV temporaire supprimé
2024-12-20 19:21:50,987 - INFO - Démarrage de l'application
2024-12-20 19:21:50,988 - INFO - Chemin de l'application: /Users/liv/Documents/DEVs/DEVsPython/python-env/workspace/Audio2Text/src
2024-12-20 19:21:50,988 - INFO - Chemin du fichier de log: /Users/liv/Documents/DEVs/DEVsPython/python-env/workspace/Audio2Text/src/audio2text_debug.log
2024-12-20 19:21:51,058 - INFO - Création de la fenêtre principale
2024-12-20 19:21:51,059 - INFO - Initialisation de MainWindow
2024-12-20 19:21:51,059 - INFO - Création des widgets
2024-12-20 19:21:51,127 - INFO - Widgets créés avec succès
2024-12-20 19:21:51,127 - INFO - Affichage de la fenêtre
2024-12-20 19:21:51,177 - INFO - Démarrage de la boucle d'événements
2024-12-20 19:21:56,847 - INFO - Ouverture du sélecteur de fichier
2024-12-20 19:22:03,071 - INFO - Fichier sélectionné: /Users/liv/Documents/20240117_102638.mp3
2024-12-20 19:22:03,072 - INFO - Langue sélectionnée: fr-FR
2024-12-20 19:22:03,072 - INFO - Initialisation du convertisseur audio avec 13 workers
2024-12-20 19:22:03,072 - INFO - Conversion du fichier audio: /Users/liv/Documents/20240117_102638.mp3
2024-12-20 19:22:03,073 - INFO - Conversion en WAV: ffmpeg -i /Users/liv/Documents/20240117_102638.mp3 -acodec pcm_s16le -ac 1 -ar 44100 -y /var/folders/ll/pv6hfz954zz74gtk_6c3mlj00000gn/T/tmppu53c8e1.wav
2024-12-20 19:22:03,716 - INFO - Durée du fichier: 702.4 secondes
2024-12-20 19:22:03,728 - INFO - Segment créé: 0.0s - 45.0s
2024-12-20 19:22:03,729 - INFO - Segment créé: 45.0s - 90.0s
2024-12-20 19:22:03,729 - INFO - Segment créé: 90.0s - 135.0s
2024-12-20 19:22:03,730 - INFO - Segment créé: 135.0s - 180.0s
2024-12-20 19:22:03,730 - INFO - Segment créé: 180.0s - 225.0s
2024-12-20 19:22:03,731 - INFO - Segment créé: 225.0s - 270.0s
2024-12-20 19:22:03,732 - INFO - Segment créé: 270.0s - 315.0s
2024-12-20 19:22:03,732 - INFO - Segment créé: 315.0s - 360.0s
2024-12-20 19:22:03,733 - INFO - Segment créé: 360.0s - 405.0s
2024-12-20 19:22:03,733 - INFO - Segment créé: 405.0s - 450.0s
2024-12-20 19:22:03,734 - INFO - Segment créé: 450.0s - 495.0s
2024-12-20 19:22:03,735 - INFO - Segment créé: 495.0s - 540.0s
2024-12-20 19:22:03,735 - INFO - Segment créé: 540.0s - 585.0s
2024-12-20 19:22:03,736 - INFO - Segment créé: 585.0s - 630.0s
2024-12-20 19:22:03,737 - INFO - Segment créé: 630.0s - 675.0s
2024-12-20 19:22:03,737 - INFO - Segment créé: 675.0s - 720.0s
2024-12-20 19:22:14,047 - INFO - Segment 11 supprimé
2024-12-20 19:22:17,457 - INFO - Segment 12 supprimé
2024-12-20 19:22:18,811 - INFO - Segment 6 supprimé
2024-12-20 19:22:19,498 - INFO - Segment 7 supprimé
2024-12-20 19:22:20,215 - INFO - Segment 13 supprimé
2024-12-20 19:22:20,640 - INFO - Segment 9 supprimé
2024-12-20 19:22:21,095 - INFO - Segment 3 supprimé
2024-12-20 19:22:23,822 - INFO - Segment 15 supprimé
2024-12-20 19:22:23,847 - INFO - Segment 5 supprimé
2024-12-20 19:22:24,136 - INFO - Segment 8 supprimé
2024-12-20 19:22:24,581 - INFO - Segment 10 supprimé
2024-12-20 19:22:24,616 - INFO - Segment 4 supprimé
2024-12-20 19:22:25,469 - INFO - Segment 2 supprimé
2024-12-20 19:22:25,923 - INFO - Segment 1 supprimé
2024-12-20 19:22:26,318 - INFO - Segment 16 supprimé
2024-12-20 19:22:30,091 - INFO - Segment 14 supprimé
2024-12-20 19:22:30,138 - INFO - Conversion réussie
2024-12-20 19:22:30,153 - INFO - Transcription sauvegardée dans /Users/liv/Documents/20240117_102638_transcription.docx
2024-12-20 19:22:30,153 - INFO - Fichier WAV temporaire supprimé
2024-12-20 22:48:09,601 - INFO - Démarrage de l'application
2024-12-20 22:48:09,601 - INFO - Chemin de l'application: /Users/liv/Documents/DEVs/DEVsPython/python-env/workspace/Audio2Text/src
2024-12-20 22:48:09,601 - INFO - Chemin du fichier de log: /Users/liv/Documents/DEVs/DEVsPython/python-env/workspace/Audio2Text/src/audio2text_debug.log
2024-12-20 22:48:09,680 - INFO - Création de la fenêtre principale
2024-12-20 22:48:09,681 - INFO - Initialisation de MainWindow
2024-12-20 22:48:09,681 - INFO - Création des widgets
2024-12-20 22:48:09,748 - INFO - Interface graphique initialisée
2024-12-20 22:48:09,748 - INFO - Affichage de la fenêtre
2024-12-20 22:48:09,794 - INFO - Démarrage de la boucle d'événements
2024-12-20 22:48:18,109 - INFO - Ouverture du sélecteur de fichier
2024-12-20 22:48:25,149 - INFO - Fichier sélectionné: /Users/liv/Documents/20240117_102638.mp3
2024-12-20 22:48:25,150 - INFO - Langue sélectionnée: fr-FR
2024-12-20 22:48:25,151 - INFO - Initialisation du convertisseur audio avec 13 workers
2024-12-20 22:48:25,151 - INFO - Démarrage de la conversion du fichier: /Users/liv/Documents/20240117_102638.mp3
2024-12-20 22:48:25,151 - INFO - Langue sélectionnée: fr-FR
2024-12-20 22:48:25,151 - INFO - Conversion du fichier en format WAV...
2024-12-20 22:48:25,152 - INFO - Conversion en WAV: ffmpeg -i /Users/liv/Documents/20240117_102638.mp3 -acodec pcm_s16le -ac 1 -ar 44100 -y /var/folders/ll/pv6hfz954zz74gtk_6c3mlj00000gn/T/tmp5o0sq04i.wav
2024-12-20 22:48:25,920 - INFO - Durée du fichier: 702.4 secondes
2024-12-20 22:48:25,920 - INFO - Division du fichier audio en segments...
2024-12-20 22:48:25,932 - INFO - Segment créé: 0.0s - 45.0s
2024-12-20 22:48:25,934 - INFO - Segment créé: 45.0s - 90.0s
2024-12-20 22:48:25,935 - INFO - Segment créé: 90.0s - 135.0s
2024-12-20 22:48:25,936 - INFO - Segment créé: 135.0s - 180.0s
2024-12-20 22:48:25,937 - INFO - Segment créé: 180.0s - 225.0s
2024-12-20 22:48:25,938 - INFO - Segment créé: 225.0s - 270.0s
2024-12-20 22:48:25,940 - INFO - Segment créé: 270.0s - 315.0s
2024-12-20 22:48:25,941 - INFO - Segment créé: 315.0s - 360.0s
2024-12-20 22:49:47,797 - INFO - Démarrage de l'application
2024-12-20 22:49:47,797 - INFO - Chemin de l'application: /Users/liv/Documents/DEVs/DEVsPython/python-env/workspace/Audio2Text/src
2024-12-20 22:49:47,797 - INFO - Chemin du fichier de log: /Users/liv/Documents/DEVs/DEVsPython/python-env/workspace/Audio2Text/src/audio2text_debug.log
2024-12-20 22:49:47,883 - INFO - Création de la fenêtre principale
2024-12-20 22:49:47,883 - INFO - Initialisation de MainWindow
2024-12-20 22:49:47,884 - INFO - Création des widgets
2024-12-20 22:49:47,963 - INFO - Interface graphique initialisée
2024-12-20 22:49:47,963 - INFO - Affichage de la fenêtre
2024-12-20 22:49:48,015 - INFO - Démarrage de la boucle d'événements
2024-12-20 22:49:50,791 - INFO - Ouverture du sélecteur de fichier
2024-12-20 22:49:57,394 - INFO - Fichier sélectionné: /Users/liv/Documents/20240117_102638.mp3
2024-12-20 22:49:57,395 - INFO - Langue sélectionnée: fr-FR
2024-12-20 22:49:57,396 - INFO - Initialisation du convertisseur audio avec 13 workers
2024-12-20 22:49:57,396 - INFO - Démarrage de la conversion du fichier: /Users/liv/Documents/20240117_102638.mp3
2024-12-20 22:49:57,396 - INFO - Langue sélectionnée: fr-FR
2024-12-20 22:49:57,397 - INFO - Conversion du fichier en format WAV...
2024-12-20 22:49:57,397 - INFO - Conversion en WAV: ffmpeg -i /Users/liv/Documents/20240117_102638.mp3 -acodec pcm_s16le -ac 1 -ar 44100 -y /var/folders/ll/pv6hfz954zz74gtk_6c3mlj00000gn/T/tmpkduhpfqb.wav
2024-12-20 22:49:58,068 - INFO - Durée du fichier: 702.4 secondes
2024-12-20 22:49:58,069 - INFO - Division du fichier audio en segments...
2024-12-20 22:51:45,520 - INFO - Démarrage de l'application
2024-12-20 22:51:45,520 - INFO - Chemin de l'application: /Users/liv/Documents/DEVs/DEVsPython/python-env/workspace/Audio2Text/src
2024-12-20 22:51:45,520 - INFO - Chemin du fichier de log: /Users/liv/Documents/DEVs/DEVsPython/python-env/workspace/Audio2Text/src/audio2text_debug.log
2024-12-20 22:51:45,598 - INFO - Création de la fenêtre principale
2024-12-20 22:51:45,598 - INFO - Initialisation de MainWindow
2024-12-20 22:51:45,599 - INFO - Création des widgets
2024-12-20 22:51:45,666 - INFO - Interface graphique initialisée
2024-12-20 22:51:45,666 - INFO - Affichage de la fenêtre
2024-12-20 22:51:45,712 - INFO - Démarrage de la boucle d'événements
2024-12-20 22:51:48,586 - INFO - Ouverture du sélecteur de fichier
2024-12-20 22:51:53,597 - INFO - Fichier sélectionné: /Users/liv/Documents/20240117_102638.mp3
2024-12-20 22:51:53,599 - INFO - Langue sélectionnée: fr-FR
2024-12-20 22:51:53,599 - INFO - Initialisation du convertisseur audio avec 13 workers
2024-12-20 22:51:53,599 - INFO - Démarrage de la conversion du fichier: /Users/liv/Documents/20240117_102638.mp3
2024-12-20 22:51:53,600 - INFO - Langue sélectionnée: fr-FR
2024-12-20 22:51:53,600 - INFO - Conversion du fichier en format WAV...
2024-12-20 22:51:53,601 - INFO - Conversion en WAV: ffmpeg -i "/Users/liv/Documents/20240117_102638.mp3" -acodec pcm_s16le -ac 1 -ar 44100 -y "/var/folders/ll/pv6hfz954zz74gtk_6c3mlj00000gn/T/tmphmog_00e.wav"
2024-12-20 22:51:54,288 - INFO - Durée du fichier: 702.4 secondes
2024-12-20 22:51:54,288 - INFO - Durée du fichier: 702.4 secondes
2024-12-20 22:51:54,288 - INFO - Division du fichier audio en segments...
2024-12-20 22:51:54,300 - INFO - Segment créé: 0.0s - 45.0s
2024-12-20 22:51:54,302 - INFO - Segment créé: 45.0s - 90.0s
2024-12-20 22:51:54,303 - INFO - Segment créé: 90.0s - 135.0s
2024-12-20 22:51:54,304 - INFO - Segment créé: 135.0s - 180.0s
2024-12-20 22:51:54,305 - INFO - Segment créé: 180.0s - 225.0s
2024-12-20 22:51:54,306 - INFO - Segment créé: 225.0s - 270.0s
2024-12-20 22:51:54,307 - INFO - Segment créé: 270.0s - 315.0s
2024-12-20 22:51:54,308 - INFO - Segment créé: 315.0s - 360.0s
2024-12-20 22:53:46,812 - INFO - Démarrage de l'application
2024-12-20 22:53:46,812 - INFO - Chemin de l'application: /Users/liv/Documents/DEVs/DEVsPython/python-env/workspace/Audio2Text/src
2024-12-20 22:53:46,812 - INFO - Chemin du fichier de log: /Users/liv/Documents/DEVs/DEVsPython/python-env/workspace/Audio2Text/src/audio2text_debug.log
2024-12-20 22:53:46,891 - INFO - Création de la fenêtre principale
2024-12-20 22:53:46,892 - INFO - Initialisation de MainWindow
2024-12-20 22:53:46,892 - INFO - Création des widgets
2024-12-20 22:53:46,962 - INFO - Interface graphique initialisée
2024-12-20 22:53:46,962 - INFO - Affichage de la fenêtre
2024-12-20 22:53:47,006 - INFO - Démarrage de la boucle d'événements
2024-12-20 22:53:48,529 - INFO - Ouverture du sélecteur de fichier
2024-12-20 22:53:54,486 - INFO - Fichier sélectionné: /Users/liv/Documents/20240117_102638.mp3
2024-12-20 22:53:54,488 - INFO - Langue sélectionnée: fr-FR
2024-12-20 22:53:54,488 - INFO - Initialisation du convertisseur audio avec 13 workers
2024-12-20 22:53:54,488 - INFO - Démarrage de la conversion du fichier: /Users/liv/Documents/20240117_102638.mp3
2024-12-20 22:53:54,489 - INFO - Langue sélectionnée: fr-FR
2024-12-20 22:53:54,489 - INFO - Conversion du fichier en format WAV...
2024-12-20 22:53:54,490 - INFO - Conversion en WAV: ffmpeg -i "/Users/liv/Documents/20240117_102638.mp3" -acodec pcm_s16le -ac 1 -ar 44100 -y "/var/folders/ll/pv6hfz954zz74gtk_6c3mlj00000gn/T/tmpyjd6xmy3.wav"
2024-12-20 22:53:55,133 - INFO - Durée du fichier: 702.4 secondes
2024-12-20 22:53:55,134 - INFO - Durée du fichier: 702.4 secondes
2024-12-20 22:53:55,134 - INFO - Division du fichier audio en segments...
2024-12-20 22:53:55,147 - INFO - Segment créé: 0.0s - 45.0s
2024-12-20 22:53:55,148 - INFO - Segment créé: 45.0s - 90.0s
2024-12-20 22:53:55,149 - INFO - Segment créé: 90.0s - 135.0s
2024-12-20 22:53:55,150 - INFO - Segment créé: 135.0s - 180.0s
2024-12-20 22:53:55,151 - INFO - Segment créé: 180.0s - 225.0s
2024-12-20 22:53:55,152 - INFO - Segment créé: 225.0s - 270.0s
2024-12-20 22:53:55,153 - INFO - Segment créé: 270.0s - 315.0s
2024-12-20 22:53:55,154 - INFO - Segment créé: 315.0s - 360.0s
